Release 14.7 - xst P.20131013 (lin64)
Copyright (c) 1995-2013 Xilinx, Inc.  All rights reserved.
--> 
Parameter TMPDIR set to xst/projnav.tmp


Total REAL time to Xst completion: 0.00 secs
Total CPU time to Xst completion: 0.04 secs
 
--> 
Parameter xsthdpdir set to xst


Total REAL time to Xst completion: 0.00 secs
Total CPU time to Xst completion: 0.04 secs
 
--> 
Reading design: invert_top.prj

TABLE OF CONTENTS
  1) Synthesis Options Summary
  2) HDL Compilation
  3) Design Hierarchy Analysis
  4) HDL Analysis
  5) HDL Synthesis
     5.1) HDL Synthesis Report
  6) Advanced HDL Synthesis
     6.1) Advanced HDL Synthesis Report
  7) Low Level Synthesis
  8) Partition Report
  9) Final Report

=========================================================================
*                      Synthesis Options Summary                        *
=========================================================================
---- Source Parameters
Input File Name                    : "invert_top.prj"
Input Format                       : mixed
Ignore Synthesis Constraint File   : NO

---- Target Parameters
Output File Name                   : "invert_top"
Output Format                      : NGC
Target Device                      : XC9500XL CPLDs

---- Source Options
Top Module Name                    : invert_top
Automatic FSM Extraction           : YES
FSM Encoding Algorithm             : Auto
Safe Implementation                : No
Mux Extraction                     : Yes
Resource Sharing                   : YES

---- Target Options
Add IO Buffers                     : YES
MACRO Preserve                     : YES
XOR Preserve                       : YES
Equivalent register Removal        : YES

---- General Options
Optimization Goal                  : Speed
Optimization Effort                : 1
Keep Hierarchy                     : Yes
Netlist Hierarchy                  : As_Optimized
RTL Output                         : Yes
Hierarchy Separator                : /
Bus Delimiter                      : <>
Case Specifier                     : Maintain
Verilog 2001                       : YES

---- Other Options
Clock Enable                       : YES
wysiwyg                            : NO

=========================================================================


=========================================================================
*                          HDL Compilation                              *
=========================================================================
Compiling vhdl file "/home/erik/work/scramble/xilinx/invert_top.vhd" in Library work.
Entity <invert_top> compiled.
Entity <invert_top> (Architecture <behavioral>) compiled.

=========================================================================
*                     Design Hierarchy Analysis                         *
=========================================================================
Analyzing hierarchy for entity <invert_top> in library <work> (architecture <behavioral>).


=========================================================================
*                            HDL Analysis                               *
=========================================================================
Analyzing Entity <invert_top> in library <work> (Architecture <behavioral>).
INFO:Xst:1561 - "/home/erik/work/scramble/xilinx/invert_top.vhd" line 81: Mux is complete : default of case is discarded
INFO:Xst:1561 - "/home/erik/work/scramble/xilinx/invert_top.vhd" line 283: Mux is complete : default of case is discarded
Entity <invert_top> analyzed. Unit <invert_top> generated.


=========================================================================
*                           HDL Synthesis                               *
=========================================================================

Performing bidirectional port resolution...

Synthesizing Unit <invert_top>.
    Related source file is "/home/erik/work/scramble/xilinx/invert_top.vhd".
WARNING:Xst:737 - Found 7-bit latch for signal <SEVEN_SEG>. Latches may be generated from incomplete case or if statements. We do not recommend the use of latches in FPGA/CPLD designs, as they may lead to timing problems.
WARNING:Xst:737 - Found 2-bit latch for signal <CATHODES>. Latches may be generated from incomplete case or if statements. We do not recommend the use of latches in FPGA/CPLD designs, as they may lead to timing problems.
    Found 64x14-bit ROM for signal <BCD$rom0000>.
    Found 4-bit up counter for signal <CLK_DIV>.
    Summary:
	inferred   1 ROM(s).
	inferred   1 Counter(s).
Unit <invert_top> synthesized.


=========================================================================
HDL Synthesis Report

Macro Statistics
# ROMs                                                 : 1
 64x14-bit ROM                                         : 1
# Counters                                             : 1
 4-bit up counter                                      : 1
# Latches                                              : 2
 2-bit latch                                           : 1
 7-bit latch                                           : 1

=========================================================================

=========================================================================
*                       Advanced HDL Synthesis                          *
=========================================================================


=========================================================================
Advanced HDL Synthesis Report

Macro Statistics
# ROMs                                                 : 1
 64x14-bit ROM                                         : 1
# Counters                                             : 1
 4-bit up counter                                      : 1
# Latches                                              : 2
 2-bit latch                                           : 1
 7-bit latch                                           : 1

=========================================================================

=========================================================================
*                         Low Level Synthesis                           *
=========================================================================

Optimizing unit <invert_top> ...

=========================================================================
*                           Partition Report                            *
=========================================================================

Partition Implementation Status
-------------------------------

  No Partitions were found in this design.

-------------------------------

=========================================================================
*                            Final Report                               *
=========================================================================
Final Results
RTL Top Level Output File Name     : invert_top.ngr
Top Level Output File Name         : invert_top
Output Format                      : NGC
Optimization Goal                  : Speed
Keep Hierarchy                     : Yes
Target Technology                  : XC9500XL CPLDs
Macro Preserve                     : YES
XOR Preserve                       : YES
Clock Enable                       : YES
wysiwyg                            : NO

Design Statistics
# IOs                              : 18

Cell Usage :
# BELS                             : 450
#      AND2                        : 127
#      AND3                        : 24
#      AND4                        : 1
#      INV                         : 171
#      OR2                         : 103
#      OR3                         : 19
#      OR4                         : 1
#      XOR2                        : 4
# FlipFlops/Latches                : 13
#      FD                          : 4
#      LD                          : 9
# IO Buffers                       : 18
#      IBUF                        : 8
#      OBUF                        : 10
=========================================================================


Total REAL time to Xst completion: 3.00 secs
Total CPU time to Xst completion: 2.71 secs
 
--> 


Total memory usage is 614252 kilobytes

Number of errors   :    0 (   0 filtered)
Number of warnings :    2 (   0 filtered)
Number of infos    :    2 (   0 filtered)

